Loading matlab version r2024a
Warning: program compiled against libxml 213 using older 209
*******The simulation has started.*******
Starting loop v7=0
Starting parallel pool (parpool) using the 'Processes' profile ...
Connected to parallel pool with 120 workers.
Launching updater executable
Warning: program compiled against libxml 213 using older 209
*******The loop has completed.*******
Starting loop v7=0.02
*******The loop has completed.*******
Starting loop v7=0.04
*******The loop has completed.*******
Starting loop v7=0.06
*******The loop has completed.*******
Starting loop v7=0.08
*******The loop has completed.*******
Starting loop v7=0.1
*******The loop has completed.*******
Starting loop v7=0.12
*******The loop has completed.*******
Starting loop v7=0.14
*******The loop has completed.*******
Starting loop v7=0.16
*******The loop has completed.*******
Starting loop v7=0.18
*******The loop has completed.*******
Starting loop v7=0.2
*******The loop has completed.*******
Starting loop v7=0.22
*******The loop has completed.*******
Starting loop v7=0.24
*******The loop has completed.*******
Starting loop v7=0.26
*******The loop has completed.*******
Starting loop v7=0.28
*******The loop has completed.*******
Starting loop v7=0.3
*******The loop has completed.*******
Starting loop v7=0.32
*******The loop has completed.*******
Starting loop v7=0.34
*******The loop has completed.*******
Starting loop v7=0.36
*******The loop has completed.*******
Starting loop v7=0.38
*******The loop has completed.*******
Starting loop v7=0.4
*******The loop has completed.*******
Starting loop v7=0.42
*******The loop has completed.*******
Starting loop v7=0.44
*******The loop has completed.*******
Starting loop v7=0.46
*******The loop has completed.*******
Starting loop v7=0.48
*******The loop has completed.*******
Starting loop v7=0.5
*******The loop has completed.*******
Starting loop v7=0.52
*******The loop has completed.*******
Starting loop v7=0.54
*******The loop has completed.*******
Starting loop v7=0.56
*******The loop has completed.*******
Starting loop v7=0.58
*******The loop has completed.*******
Starting loop v7=0.6
*******The loop has completed.*******
Starting loop v7=0.62
*******The loop has completed.*******
Starting loop v7=0.64
*******The loop has completed.*******
Starting loop v7=0.66
*******The loop has completed.*******
Starting loop v7=0.68
*******The loop has completed.*******
Starting loop v7=0.7
*******The loop has completed.*******
Starting loop v7=0.72
*******The loop has completed.*******
Starting loop v7=0.74
*******The loop has completed.*******
Starting loop v7=0.76
*******The loop has completed.*******
Starting loop v7=0.78
*******The loop has completed.*******
Starting loop v7=0.8
*******The loop has completed.*******
Starting loop v7=0.82
*******The loop has completed.*******
Starting loop v7=0.84
*******The loop has completed.*******
Starting loop v7=0.86
*******The loop has completed.*******
Starting loop v7=0.88
*******The loop has completed.*******
*******The simulation has finished.*******
Simulation duration: 58829.255 seconds
Parallel pool using the 'Processes' profile is shutting down.
